error: Nov-25-2021 16:49:57: 	403 No token ||  undefined - /user/checkLogin - GET - ::ffff:127.0.0.1
error: Nov-25-2021 16:49:59: 	403 No token ||  undefined - /user/checkLogin - GET - ::1
info: Nov-25-2021 16:50:01: 	200 OK ||  undefined - /category/getAllCategories - GET - undefined
info: Nov-25-2021 16:50:08: 	200 OK ||  undefined - /user/login - POST - ::1
info: Nov-25-2021 16:50:08: 	200 Verify success||  undefined - /user/checkLogin - GET - ::1
info: Nov-25-2021 16:50:08: 	200 Login Success ||  OK - /user/checkLogin - GET - ::1
info: Nov-25-2021 16:50:08: 	200 OK ||  undefined - /game/getBSellers/ - GET - ::1
info: Nov-25-2021 16:50:09: 	200 OK ||  undefined - /game/getPreorders - GET - ::1
info: Nov-25-2021 16:50:09: 	200 OK ||  undefined - /game/getLRelease - GET - ::1
info: Nov-25-2021 16:50:09: 	200 OK ||  undefined - /game/getDeals/ - GET - ::1
info: Nov-25-2021 16:50:19: 	200 Verify success||  undefined - /user/checkLogin - GET - ::1
info: Nov-25-2021 16:50:19: 	200 Login Success ||  Not Modified - /user/checkLogin - GET - ::1
info: Nov-25-2021 16:50:19: 	200 OK ||  undefined - /game/gameDetailById/15 - GET - ::1
info: Nov-25-2021 16:50:20: 	200 Verify success||  undefined - /cart/editShoppingCart - POST - ::1
info: Nov-25-2021 16:50:20: 	201 Insert ||  undefined - /cart/editShoppingCart - POST - ::1
info: Nov-25-2021 16:50:22: 	200 Verify success||  undefined - /cart/getShoppingCart - POST - ::1
info: Nov-25-2021 16:50:22: 	200 OK ||  undefined - /cart/getShoppingCart - POST - ::1
info: Nov-25-2021 16:50:24: 	200 Verify success||  undefined - /user/checkLogin - GET - ::1
info: Nov-25-2021 16:50:24: 	200 Login Success ||  Not Modified - /user/checkLogin - GET - ::1
info: Nov-25-2021 16:50:25: 	200 OK ||  undefined - /game/getBSellers/ - GET - ::1
info: Nov-25-2021 16:50:25: 	200 OK ||  undefined - /game/getPreorders - GET - ::1
info: Nov-25-2021 16:50:25: 	200 OK ||  undefined - /game/getLRelease - GET - ::1
info: Nov-25-2021 16:50:25: 	200 OK ||  undefined - /game/getDeals/ - GET - ::1
error: Nov-25-2021 16:50:26: 	403 No token ||  undefined - /user/checkLogin - GET - ::1
error: Nov-25-2021 16:50:28: 	403 No token ||  undefined - /user/checkLogin - GET - ::1
info: Nov-25-2021 16:50:28: 	200 OK ||  undefined - /game/getBSellers/ - GET - ::1
info: Nov-25-2021 16:50:28: 	200 OK ||  undefined - /game/getPreorders - GET - ::1
info: Nov-25-2021 16:50:29: 	200 OK ||  undefined - /game/getLRelease - GET - ::1
info: Nov-25-2021 16:50:29: 	200 OK ||  undefined - /game/getDeals/ - GET - ::1
error: Nov-25-2021 16:50:31: 	403 No token ||  undefined - /user/checkLogin - GET - ::1
info: Nov-25-2021 16:50:31: 	200 OK ||  undefined - /game/gameDetailById/18 - GET - ::1
info: Nov-25-2021 16:50:32: 	201 Insert ||  undefined - /cart/editShoppingCart - POST - ::1
info: Nov-25-2021 16:50:33: 	200 OK ||  undefined - /cart/getShoppingCart - POST - ::1
error: Nov-25-2021 16:50:37: 	403 No token ||  undefined - /user/checkLogin - GET - ::1
info: Nov-25-2021 16:50:46: 	200 OK ||  undefined - /user/login - POST - ::1
info: Nov-25-2021 16:50:46: 	200 Verify success||  undefined - /user/checkLogin - GET - ::1
info: Nov-25-2021 16:50:46: 	200 Login Success ||  OK - /user/checkLogin - GET - ::1
info: Nov-25-2021 16:50:46: 	200 OK ||  undefined - /game/getBSellers/ - GET - ::1
info: Nov-25-2021 16:50:47: 	200 OK ||  undefined - /game/getPreorders - GET - ::1
info: Nov-25-2021 16:50:47: 	200 OK ||  undefined - /game/getLRelease - GET - ::1
info: Nov-25-2021 16:50:47: 	200 Verify success||  undefined - /cart/getShoppingCart - POST - ::1
info: Nov-25-2021 16:50:47: 	200 OK ||  undefined - /cart/getShoppingCart - POST - ::1
info: Nov-25-2021 16:50:50: 	200 Verify success||  undefined - /user/checkLogin - GET - ::1
info: Nov-25-2021 16:50:50: 	200 Login Success ||  Not Modified - /user/checkLogin - GET - ::1
info: Nov-25-2021 16:50:50: 	200 OK ||  undefined - /game/getBSellers/ - GET - ::1
info: Nov-25-2021 16:50:51: 	200 OK ||  undefined - /game/getPreorders - GET - ::1
info: Nov-25-2021 16:50:51: 	200 OK ||  undefined - /game/getLRelease - GET - ::1
info: Nov-25-2021 16:50:51: 	200 OK ||  undefined - /game/getDeals/ - GET - ::1
error: Nov-25-2021 16:50:54: 	403 No token ||  undefined - /user/checkLogin - GET - ::1
error: Nov-25-2021 16:50:55: 	403 No token ||  undefined - /user/checkLogin - GET - ::1
info: Nov-25-2021 16:50:55: 	200 OK ||  undefined - /game/getBSellers/ - GET - ::1
info: Nov-25-2021 16:50:55: 	200 OK ||  undefined - /game/getPreorders - GET - ::1
info: Nov-25-2021 16:50:56: 	200 OK ||  undefined - /cart/getShoppingCart - POST - ::1
error: Nov-25-2021 17:01:55: 	403 No token ||  undefined - /user/checkLogin - GET - ::ffff:127.0.0.1
info: Nov-25-2021 17:01:57: 	200 OK ||  undefined - /cart/getShoppingCart - POST - ::ffff:127.0.0.1
info: Nov-25-2021 17:02:01: 	200 OK ||  undefined - /category/getAllCategories - GET - undefined
error: Nov-25-2021 19:34:05: 	403 No token ||  undefined - /user/checkLogin - GET - ::1
error: Nov-25-2021 19:34:06: 	500 Error ||  Internal Server Error - /category/getAllCategories - GET - ::1
error: Nov-25-2021 19:34:08: 	403 No token ||  undefined - /user/checkLogin - GET - ::1
info: Nov-25-2021 19:34:17: 	200 OK ||  undefined - /user/login - POST - ::1
info: Nov-25-2021 19:34:17: 	200 Verify success||  undefined - /user/checkLogin - GET - ::1
info: Nov-25-2021 19:34:17: 	200 Login Success ||  OK - /user/checkLogin - GET - ::1
info: Nov-25-2021 19:34:17: 	200 OK ||  undefined - /game/getBSellers/ - GET - ::1
info: Nov-25-2021 19:34:17: 	200 OK ||  undefined - /game/getPreorders - GET - ::1
info: Nov-25-2021 19:34:18: 	200 OK ||  undefined - /game/getLRelease - GET - ::1
info: Nov-25-2021 19:34:18: 	200 OK ||  undefined - /game/getDeals/ - GET - ::1
